<?xml version="1.0" encoding="UTF-8"?>
<testng-results skipped="0" failed="0" ignored="0" total="2" passed="2">
  <reporter-output>
  </reporter-output>
  <suite name="Default suite" duration-ms="10943" started-at="2023-05-30T12:48:27Z" finished-at="2023-05-30T12:48:38Z">
    <groups>
    </groups>
    <test name="Default test" duration-ms="10943" started-at="2023-05-30T12:48:27Z" finished-at="2023-05-30T12:48:38Z">
      <class name="package1.AdvanceReports">
        <test-method status="PASS" signature="generateReport()[pri:0, instance:package1.AdvanceReports@59fa1d9b]" name="generateReport" is-config="true" duration-ms="250" started-at="2023-05-30T18:18:27Z" finished-at="2023-05-30T18:18:27Z">
          <reporter-output>
          </reporter-output>
        </test-method> <!-- generateReport -->
        <test-method status="PASS" signature="setUp()[pri:0, instance:package1.AdvanceReports@59fa1d9b]" name="setUp" is-config="true" duration-ms="4593" started-at="2023-05-30T18:18:27Z" finished-at="2023-05-30T18:18:32Z">
          <reporter-output>
          </reporter-output>
        </test-method> <!-- setUp -->
        <test-method status="PASS" signature="testcase1()[pri:0, instance:package1.AdvanceReports@59fa1d9b]" name="testcase1" duration-ms="13" started-at="2023-05-30T18:18:32Z" finished-at="2023-05-30T18:18:32Z">
          <reporter-output>
          </reporter-output>
        </test-method> <!-- testcase1 -->
        <test-method status="PASS" signature="tearDown()[pri:0, instance:package1.AdvanceReports@59fa1d9b]" name="tearDown" is-config="true" duration-ms="1475" started-at="2023-05-30T18:18:32Z" finished-at="2023-05-30T18:18:33Z">
          <reporter-output>
          </reporter-output>
        </test-method> <!-- tearDown -->
        <test-method status="PASS" signature="setUp()[pri:0, instance:package1.AdvanceReports@59fa1d9b]" name="setUp" is-config="true" duration-ms="3723" started-at="2023-05-30T18:18:33Z" finished-at="2023-05-30T18:18:37Z">
          <reporter-output>
          </reporter-output>
        </test-method> <!-- setUp -->
        <test-method status="PASS" signature="testcase2()[pri:0, instance:package1.AdvanceReports@59fa1d9b]" name="testcase2" duration-ms="3" started-at="2023-05-30T18:18:37Z" finished-at="2023-05-30T18:18:37Z">
          <reporter-output>
          </reporter-output>
        </test-method> <!-- testcase2 -->
        <test-method status="PASS" signature="tearDown()[pri:0, instance:package1.AdvanceReports@59fa1d9b]" name="tearDown" is-config="true" duration-ms="850" started-at="2023-05-30T18:18:37Z" finished-at="2023-05-30T18:18:38Z">
          <reporter-output>
          </reporter-output>
        </test-method> <!-- tearDown -->
      </class> <!-- package1.AdvanceReports -->
    </test> <!-- Default test -->
  </suite> <!-- Default suite -->
</testng-results>
